2026-04-25T12:33:44.769+05:30  INFO 27496 --- [Ecommerce_Backend] [main] c.c.backend.EcommerceBackendApplication  : Starting EcommerceBackendApplication using Java 21.0.9 with PID 27496 (C:\Users\prana\SpringBoot\Ecommerce_Backend\target\classes started by prana in C:\Users\prana\SpringBoot\Ecommerce_Backend)
2026-04-25T12:33:44.777+05:30 DEBUG 27496 --- [Ecommerce_Backend] [main] c.c.backend.EcommerceBackendApplication  : Running with Spring Boot v3.2.0, Spring v6.1.1
2026-04-25T12:33:44.780+05:30  INFO 27496 --- [Ecommerce_Backend] [main] c.c.backend.EcommerceBackendApplication  : No active profile set, falling back to 1 default profile: "default"
2026-04-25T12:33:46.027+05:30  INFO 27496 --- [Ecommerce_Backend] [main] .s.d.r.c.RepositoryConfigurationDelegate : Bootstrapping Spring Data JPA repositories in DEFAULT mode.
2026-04-25T12:33:46.215+05:30  INFO 27496 --- [Ecommerce_Backend] [main] .s.d.r.c.RepositoryConfigurationDelegate : Finished Spring Data repository scanning in 173 ms. Found 14 JPA repository interfaces.
2026-04-25T12:33:47.081+05:30  INFO 27496 --- [Ecommerce_Backend] [main] o.s.b.w.embedded.tomcat.TomcatWebServer  : Tomcat initialized with port 8080 (http)
2026-04-25T12:33:47.097+05:30  INFO 27496 --- [Ecommerce_Backend] [main] o.apache.catalina.core.StandardService   : Starting service [Tomcat]
2026-04-25T12:33:47.098+05:30  INFO 27496 --- [Ecommerce_Backend] [main] o.apache.catalina.core.StandardEngine    : Starting Servlet engine: [Apache Tomcat/10.1.16]
2026-04-25T12:33:47.227+05:30  INFO 27496 --- [Ecommerce_Backend] [main] o.a.c.c.C.[Tomcat].[localhost].[/api]    : Initializing Spring embedded WebApplicationContext
2026-04-25T12:33:47.228+05:30  INFO 27496 --- [Ecommerce_Backend] [main] w.s.c.ServletWebServerApplicationContext : Root WebApplicationContext: initialization completed in 2358 ms
2026-04-25T12:33:47.462+05:30  INFO 27496 --- [Ecommerce_Backend] [main] o.hibernate.jpa.internal.util.LogHelper  : HHH000204: Processing PersistenceUnitInfo [name: default]
2026-04-25T12:33:47.586+05:30  INFO 27496 --- [Ecommerce_Backend] [main] org.hibernate.Version                    : HHH000412: Hibernate ORM core version 6.3.1.Final
2026-04-25T12:33:47.654+05:30  INFO 27496 --- [Ecommerce_Backend] [main] o.h.c.internal.RegionFactoryInitiator    : HHH000026: Second-level cache disabled
2026-04-25T12:33:48.029+05:30  INFO 27496 --- [Ecommerce_Backend] [main] o.s.o.j.p.SpringPersistenceUnitInfo      : No LoadTimeWeaver setup: ignoring JPA class transformer
2026-04-25T12:33:48.078+05:30  INFO 27496 --- [Ecommerce_Backend] [main] com.zaxxer.hikari.HikariDataSource       : HikariPool-1 - Starting...
2026-04-25T12:33:48.683+05:30  INFO 27496 --- [Ecommerce_Backend] [main] com.zaxxer.hikari.pool.HikariPool        : HikariPool-1 - Added connection com.mysql.cj.jdbc.ConnectionImpl@3e2c4d4b
2026-04-25T12:33:48.686+05:30  INFO 27496 --- [Ecommerce_Backend] [main] com.zaxxer.hikari.HikariDataSource       : HikariPool-1 - Start completed.
2026-04-25T12:33:48.805+05:30  WARN 27496 --- [Ecommerce_Backend] [main] org.hibernate.orm.deprecation            : HHH90000025: MySQLDialect does not need to be specified explicitly using 'hibernate.dialect' (remove the property setting and it will be selected by default)
2026-04-25T12:33:50.541+05:30  INFO 27496 --- [Ecommerce_Backend] [main] o.h.e.t.j.p.i.JtaPlatformInitiator       : HHH000489: No JTA platform available (set 'hibernate.transaction.jta.platform' to enable JTA platform integration)
2026-04-25T12:33:50.856+05:30  INFO 27496 --- [Ecommerce_Backend] [main] j.LocalContainerEntityManagerFactoryBean : Initialized JPA EntityManagerFactory for persistence unit 'default'
2026-04-25T12:33:51.223+05:30  INFO 27496 --- [Ecommerce_Backend] [main] o.s.d.j.r.query.QueryEnhancerFactory     : Hibernate is in classpath; If applicable, HQL parser will be used.
2026-04-25T12:33:52.176+05:30 DEBUG 27496 --- [Ecommerce_Backend] [main] c.c.b.config.JwtAuthenticationFilter     : Filter 'jwtAuthenticationFilter' configured for use
2026-04-25T12:33:52.902+05:30  INFO 27496 --- [Ecommerce_Backend] [main] c.c.backend.service.CloudinaryService    : Cloudinary service initialised for cloud: dzxhtibmi
2026-04-25T12:33:53.147+05:30  INFO 27496 --- [Ecommerce_Backend] [main] c.c.backend.service.RazorpayService      : Razorpay client initialised successfully.
2026-04-25T12:33:53.253+05:30  WARN 27496 --- [Ecommerce_Backend] [main] JpaBaseConfiguration$JpaWebConfiguration : spring.jpa.open-in-view is enabled by default. Therefore, database queries may be performed during view rendering. Explicitly configure spring.jpa.open-in-view to disable this warning
2026-04-25T12:33:53.653+05:30  INFO 27496 --- [Ecommerce_Backend] [main] o.s.s.web.DefaultSecurityFilterChain     : Will secure any request with [org.springframework.security.web.session.DisableEncodeUrlFilter@b274834, org.springframework.security.web.context.request.async.WebAsyncManagerIntegrationFilter@91cdfb7, org.springframework.security.web.context.SecurityContextHolderFilter@32a4284d, org.springframework.security.web.header.HeaderWriterFilter@135a2a14, org.springframework.web.filter.CorsFilter@1bf9d2dc, org.springframework.security.web.authentication.logout.LogoutFilter@13d85ddb, com.clickmart.backend.config.JwtAuthenticationFilter@203f41d7, org.springframework.security.web.savedrequest.RequestCacheAwareFilter@7114def7, org.springframework.security.web.servletapi.SecurityContextHolderAwareRequestFilter@9129ab1, org.springframework.security.web.authentication.AnonymousAuthenticationFilter@23031a56, org.springframework.security.web.session.SessionManagementFilter@2fb3113a, org.springframework.security.web.access.ExceptionTranslationFilter@50d0fb48, org.springframework.security.web.access.intercept.AuthorizationFilter@39c76fc8]
2026-04-25T12:33:53.931+05:30  INFO 27496 --- [Ecommerce_Backend] [main] o.s.b.w.embedded.tomcat.TomcatWebServer  : Tomcat started on port 8080 (http) with context path '/api'
2026-04-25T12:33:53.939+05:30  INFO 27496 --- [Ecommerce_Backend] [main] c.c.backend.EcommerceBackendApplication  : Started EcommerceBackendApplication in 9.784 seconds (process running for 10.745)
2026-04-25T12:34:41.353+05:30  INFO 27496 --- [Ecommerce_Backend] [http-nio-8080-exec-1] o.a.c.c.C.[Tomcat].[localhost].[/api]    : Initializing Spring DispatcherServlet 'dispatcherServlet'
2026-04-25T12:34:41.353+05:30  INFO 27496 --- [Ecommerce_Backend] [http-nio-8080-exec-1] o.s.web.servlet.DispatcherServlet        : Initializing Servlet 'dispatcherServlet'
2026-04-25T12:34:41.357+05:30  INFO 27496 --- [Ecommerce_Backend] [http-nio-8080-exec-1] o.s.web.servlet.DispatcherServlet        : Completed initialization in 4 ms
2026-04-25T12:34:41.453+05:30  WARN 27496 --- [Ecommerce_Backend] [http-nio-8080-exec-2] o.s.w.s.h.HandlerMappingIntrospector     : Cache miss for REQUEST dispatch to '/api/products' (previous null). Performing MatchableHandlerMapping lookup. This is logged once only at WARN level, and every time at TRACE.
2026-04-25T12:37:23.220+05:30  INFO 27496 --- [Ecommerce_Backend] [http-nio-8080-exec-5] c.c.b.f.auth.controller.AuthController   : Login request received for email: priya@gmail.com
2026-04-25T12:37:23.379+05:30  WARN 27496 --- [Ecommerce_Backend] [http-nio-8080-exec-5] c.c.b.exceptions.GlobalExceptionHandler  : BadRequestException: Invalid email or password
2026-04-25T12:37:33.032+05:30  INFO 27496 --- [Ecommerce_Backend] [http-nio-8080-exec-3] c.c.b.f.auth.controller.AuthController   : Login request received for email: priya@gmail.com
2026-04-25T12:39:56.032+05:30  INFO 27496 --- [Ecommerce_Backend] [http-nio-8080-exec-7] c.c.b.f.auth.controller.AuthController   : Logout request received
2026-04-25T12:40:04.999+05:30  INFO 27496 --- [Ecommerce_Backend] [http-nio-8080-exec-5] c.c.b.f.auth.controller.AuthController   : Login request received for email: pranavk105@gmail.com
2026-04-25T12:43:58.415+05:30  WARN 27496 --- [Ecommerce_Backend] [http-nio-8080-exec-8] c.c.b.exceptions.GlobalExceptionHandler  : ResourceNotFoundException: Order not found
2026-04-25T12:44:00.246+05:30  WARN 27496 --- [Ecommerce_Backend] [http-nio-8080-exec-4] c.c.b.exceptions.GlobalExceptionHandler  : ResourceNotFoundException: Order not found
2026-04-25T12:44:02.965+05:30  WARN 27496 --- [Ecommerce_Backend] [http-nio-8080-exec-7] c.c.b.exceptions.GlobalExceptionHandler  : ResourceNotFoundException: Order not found
2026-04-25T12:44:27.237+05:30  INFO 27496 --- [Ecommerce_Backend] [http-nio-8080-exec-5] c.c.b.f.auth.controller.AuthController   : Logout request received
2026-04-25T12:44:43.362+05:30  INFO 27496 --- [Ecommerce_Backend] [http-nio-8080-exec-3] c.c.b.f.auth.controller.AuthController   : Login request received for email: priya@gmail.com
2026-04-25T12:45:07.225+05:30  INFO 27496 --- [Ecommerce_Backend] [http-nio-8080-exec-2] c.c.b.f.auth.controller.AuthController   : Logout request received
2026-04-25T13:50:08.064+05:30  WARN 27496 --- [Ecommerce_Backend] [HikariPool-1 housekeeper] com.zaxxer.hikari.pool.HikariPool        : HikariPool-1 - Thread starvation or clock leap detected (housekeeper delta=34m23s290ms675µs).
